# https://ci.jenkins.io/job/Plugins/job/nested-data-reporting-plugin/job/interactive-item-charts/1/console

Push event to branch interactive-item-charts
Connecting to https://api.github.com using ci.jenkins.io GitHub App (jenkinsci org)
Obtained Jenkinsfile from 0608e226d0de11c3fe6454088cc19bae3c72d1c6
Loading library pipeline-library@master
Library pipeline-library@master is cached. Copying from home.
[Pipeline] Start of Pipeline
[Pipeline] properties
[Pipeline] parallel
[Pipeline] { (Branch: linux-8)
[Pipeline] { (Branch: windows-8)
[Pipeline] retry
[Pipeline] {
[Pipeline] retry
[Pipeline] {
[Pipeline] node
[Pipeline] node
Agent jnlp-maven-8-skd19 is provisioned from template jnlp-maven-8
---
apiVersion: "v1"
kind: "Pod"
metadata:
  labels:
    jenkins: "slave"
    jenkins/label-digest: "469745016ba67433b0a676a66de8ebbf96820852"
    jenkins/label: "container_kubernetes_doks_maven_maven-8_jdk8"
  name: "jnlp-maven-8-skd19"
  namespace: "jenkins-agents"
spec:
  containers:
  - command:
    - "/usr/local/bin/jenkins-agent"
    env:
    - name: "PATH"
      value: "/opt/jdk-8/bin:/usr/local/sbin:/usr/local/bin:/usr/sbin:/usr/bin:/sbin:/bin"
    - name: "JENKINS_SECRET"
      value: "********"
    - name: "ARTIFACT_CACHING_PROXY_PROVIDER"
      value: "do"
    - name: "JAVA_HOME"
      value: "/opt/jdk-8"
    - name: "JENKINS_DIRECT_CONNECTION"
      value: "ci.jenkins.io:50000"
    - name: "JENKINS_AGENT_WORKDIR"
      value: "/home/jenkins"
    - name: "LANG"
      value: "C.UTF-8"
    - name: "JENKINS_JAVA_OPTS"
      value: "-XX:+PrintCommandLineFlags"
    - name: "JENKINS_JAVA_BIN"
      value: "/opt/jdk-11/bin/java"
    - name: "JENKINS_PROTOCOLS"
      value: "JNLP4-connect"
    - name: "JENKINS_AGENT_NAME"
      value: "jnlp-maven-8-skd19"
    - name: "LC_ALL"
      value: "C.UTF-8"
    - name: "JENKINS_INSTANCE_IDENTITY"
      value: "MIIBIjANBgkqhkiG9w0BAQEFAAOCAQ8AMIIBCgKCAQEAp2xQ1s5zapp2zKL5N7SwgJs7RUnim3p48+erpM1i/2JMNnmnl7wl0RsM6USpNGSj4YGxCUMz7f7sl4xePd55DyrpqAEQGozK50jTxCRw9KA6n2ko/lUy7vkIhaT1r+3OA/goNXE3/Ov/d7lRorUKdukk561kGlSHN2QwzipHKYSWIcL/apcP+OMWS6K2sDm5ik7EtQmnaEy0C7a/Xn1i0Zm77NW8ARMhP0r8EMQ1lxZTCcarO1+4Vw/fEqkyNGh3dEykVlHIMhkptQ1ws7/rsKfjH7CAJ6L6b2rs8casoig0h7xGKsSvaxAD7S0Xo9YIzmduRsOrnsoeEK0d74BKqwIDAQAB"
    - name: "JENKINS_NAME"
      value: "jnlp-maven-8-skd19"
    image: "jenkinsciinfra/jenkins-agent-ubuntu-20.04@sha256:3a490163d60ff134481964b816ecac919b7b8699189d86e0db634b8d36678306"
    imagePullPolicy: "IfNotPresent"
    name: "jnlp"
    resources:
      limits:
        memory: "8G"
        cpu: "4"
      requests:
        memory: "8G"
        cpu: "4"
    tty: false
    volumeMounts:
    - mountPath: "/home/jenkins"
      name: "workspace-volume"
      readOnly: false
    workingDir: "/home/jenkins"
  hostNetwork: false
  imagePullSecrets:
  - name: "dockerhub-credential"
  nodeSelector:
    kubernetes.io/os: "linux"
  restartPolicy: "Never"
  volumes:
  - emptyDir:
      medium: ""
    name: "workspace-volume"

Still waiting to schedule task
‘aci-maven-8-windows-cdbg9’ is offline
Running on jnlp-maven-8-skd19 in /home/jenkins/workspace/g-plugin_interactive-item-charts
[Pipeline] {
[Pipeline] timeout
Timeout set to expire in 1 hr 0 min
[Pipeline] {
[Pipeline] stage
[Pipeline] { (Checkout (linux-8))
[Pipeline] isUnix
[Pipeline] checkout
using credential app-ci.jenkins.io
Cloning the remote Git repository
Cloning with configured refspecs honoured and without tags
 > JGit fetch # timeout=10
remote: Enumerating objects
remote: Counting objects
remote: Compressing objects
Receiving objects
Resolving deltas
Avoid second fetch
Checking out Revision 0608e226d0de11c3fe6454088cc19bae3c72d1c6 (interactive-item-charts)
Updating references
Commit message: "history charts are now interactive (build number selection)"
First time build. Skipping changelog.
[GitHub Checks] GitHub check (name: Jenkins, status: in_progress) has been published.
using credential app-ci.jenkins.io
using credential app-ci.jenkins.io
[GitCheckoutListener] Recording commits of 'git https://github.com/jenkinsci/nested-data-reporting-plugin.git'
[GitCheckoutListener] Found no previous build with recorded Git commits
[GitCheckoutListener] -> Starting initial recording of commits
[GitCheckoutListener] -> Using head commit '0608e22' as starting point
[GitCheckoutListener] -> Git commit decorator successfully obtained 'hudson.plugins.git.browser.GithubWeb@51d6734f' to render commit links
[GitCheckoutListener] -> Recorded 200 new commits
[Pipeline] fileExists
[Pipeline] fileExists
[Pipeline] readFile
[Pipeline] withEnv
[Pipeline] {
[Pipeline] isUnix
[Pipeline] sh
+ git clean -xffd
[Pipeline] }
[Pipeline] // withEnv
[Pipeline] }
[Pipeline] // stage
[Pipeline] stage
[Pipeline] { (Build (linux-8))
[Pipeline] pwd
[Pipeline] isUnix
[Pipeline] pwd
[Pipeline] withEnv
[Pipeline] {
[Pipeline] isUnix
[Pipeline] sh
+ mvn --batch-mode --show-version --errors --no-transfer-progress --update-snapshots -Dmaven.repo.local=/home/jenkins/workspace/g-plugin_interactive-item-charts@tmp/m2repo -Dmaven.test.failure.ignore -Dspotbugs.failOnError=false -Dcheckstyle.failOnViolation=false -Dcheckstyle.failsOnError=false -Penable-jacoco -Dset.changelist help:evaluate -Dexpression=changelist -Doutput=/home/jenkins/workspace/g-plugin_interactive-item-charts@tmp/changelist clean install
-XX:InitialHeapSize=125000000 -XX:MaxHeapSize=2000000000 -XX:+PrintCommandLineFlags -XX:+UseCompressedClassPointers -XX:+UseCompressedOops -XX:+UseParallelGC 
Apache Maven 3.8.6 (84538c9988a25aec085021c365c560670ad80f63)
Maven home: /usr/share/apache-maven-3.8.6
Java version: 1.8.0_345, vendor: Temurin, runtime: /opt/jdk-8/jre
Default locale: en, platform encoding: UTF-8
OS name: "linux", version: "5.10.0-0.bpo.15-amd64", arch: "amd64", family: "unix"
[INFO] Error stacktraces are turned on.
[INFO] Setting: -Dchangelist=-rc360.0608e226d0de -DscmTag=0608e226d0de11c3fe6454088cc19bae3c72d1c6
[INFO] No information available to set -DgitHubRepo
[INFO] Scanning for projects...
Running on aci-maven-8-windows-cdbg9 in C:/Jenkins/workspace/g-plugin_interactive-item-charts
[Pipeline] {
[Pipeline] timeout
Timeout set to expire in 1 hr 0 min
[Pipeline] {
[Pipeline] stage
[Pipeline] { (Checkout (windows-8))
[Pipeline] isUnix
[Pipeline] bat

C:\Jenkins\workspace\g-plugin_interactive-item-charts>git config --global core.longpaths true 
[Pipeline] checkout
using credential app-ci.jenkins.io
Cloning the remote Git repository
Cloning with configured refspecs honoured and without tags
 > JGit fetch # timeout=10
remote: Enumerating objects
remote: Counting objects
remote: Compressing objects
Receiving objects
Resolving deltas
Updating references
Avoid second fetch
Checking out Revision 0608e226d0de11c3fe6454088cc19bae3c72d1c6 (interactive-item-charts)
Commit message: "history charts are now interactive (build number selection)"
[GitHub Checks] GitHub check (name: Jenkins, status: in_progress) has been published.
[GitCheckoutListener] Skipping recording, since SCM 'git https://github.com/jenkinsci/nested-data-reporting-plugin.git' already has been processed
[Pipeline] fileExists
[Pipeline] fileExists
[Pipeline] readFile
[Pipeline] withEnv
[Pipeline] {
[Pipeline] isUnix
[Pipeline] bat

C:\Jenkins\workspace\g-plugin_interactive-item-charts>git clean -xffd   || echo [buildPlugin] Git CLI may not be available 
[Pipeline] }
[Pipeline] // withEnv
[Pipeline] }
[Pipeline] // stage
[Pipeline] stage
[Pipeline] { (Build (windows-8))
[Pipeline] pwd
[Pipeline] isUnix
[Pipeline] withEnv
[Pipeline] {
[Pipeline] isUnix
[Pipeline] bat

C:\Jenkins\workspace\g-plugin_interactive-item-charts>mvn --batch-mode --show-version --errors --no-transfer-progress --update-snapshots -Dmaven.repo.local=C:/Jenkins/workspace/g-plugin_interactive-item-charts@tmp/m2repo -Dmaven.test.failure.ignore -Dspotbugs.failOnError=false -Dcheckstyle.failOnViolation=false -Dcheckstyle.failsOnError=false -Dset.changelist clean install 
-XX:InitialHeapSize=134200512 -XX:MaxHeapSize=2147208192 -XX:+PrintCommandLineFlags -XX:+UseCompressedClassPointers -XX:+UseCompressedOops -XX:-UseLargePagesIndividualAllocation -XX:+UseParallelGC 
Apache Maven 3.8.4 (9b656c72d54e5bacbed989b64718c159fe39b537)
Maven home: C:\ProgramData\Maven
Java version: 1.8.0_312, vendor: Temurin, runtime: C:\openjdk-8\jre
Default locale: en_US, platform encoding: Cp1252
OS name: "windows server 2019", version: "10.0", arch: "amd64", family: "windows"
[INFO] Error stacktraces are turned on.
[INFO] Setting: -Dchangelist=-rc360.0608e226d0de -DscmTag=0608e226d0de11c3fe6454088cc19bae3c72d1c6
[INFO] No information available to set -DgitHubRepo
[INFO] Scanning for projects...
[WARNING] The POM for org.jenkins-ci.tools:maven-hpi-plugin:jar:3.34 is missing, no dependency information available
[WARNING] Failed to build parent project for io.jenkins.plugins:nested-data-reporting:hpi:4.2.1-rc360.0608e226d0de
[INFO] 
[INFO] --------------< io.jenkins.plugins:nested-data-reporting >--------------
[INFO] Building Nested Data Reporting 4.2.1-rc360.0608e226d0de
[INFO] --------------------------------[ hpi ]---------------------------------
[WARNING] The artifact xerces:xerces:jar:2.2.1 has been relocated to xerces:xercesImpl:jar:2.2.1
[INFO] 
[INFO] --- maven-clean-plugin:3.2.0:clean (default-clean) @ nested-data-reporting ---
[INFO] 
[INFO] --- maven-hpi-plugin:3.34:validate (default-validate) @ nested-data-reporting ---
[INFO] 
[INFO] --- maven-hpi-plugin:3.34:validate-hpi (default-validate-hpi) @ nested-data-reporting ---
[WARNING] Error resolving project artifact: Could not find artifact com.sun:tools:pom:1.8.0 in repo.jenkins-ci.org (https://repo.jenkins-ci.org/public/) for project com.sun:tools:jar:1.8.0
[INFO] 
[INFO] --- maven-enforcer-plugin:3.1.0:display-info (display-info) @ nested-data-reporting ---
[INFO] Maven Version: 3.8.4
[INFO] JDK Version: 1.8.0_312 normalized as: 1.8.0-312
[INFO] Java Vendor: Temurin
[INFO] OS Info: Arch: amd64 Family: windows Name: windows server 2019 Version: 10.0
[INFO] 
[INFO] --- maven-enforcer-plugin:3.1.0:enforce (display-info) @ nested-data-reporting ---
[WARNING] Missing:
----------
1) com.sun:tools:jar:1.8.0

  Try downloading the file manually from the project website.

  Then, install it using the command: 
      mvn install:install-file -DgroupId=com.sun -DartifactId=tools -Dversion=1.8.0 -Dpackaging=jar -Dfile=/path/to/file

  Alternatively, if you host your own repository you can deploy the file there: 
      mvn deploy:deploy-file -DgroupId=com.sun -DartifactId=tools -Dversion=1.8.0 -Dpackaging=jar -Dfile=/path/to/file -Durl=[url] -DrepositoryId=[id]

  Path to dependency: 
  	1) com.sun:tools:jar:1.8.0

----------
1 required artifact is missing.

for artifact: 
  com.sun:tools:jar:1.8.0

from the specified remote repositories:
  repo.jenkins-ci.org (https://repo.jenkins-ci.org/public/, releases=true, snapshots=true),
  incrementals (https://repo.jenkins-ci.org/incrementals/, releases=true, snapshots=false),
  central (https://repo.maven.apache.org/maven2, releases=true, snapshots=false)
Path to dependency: 
	1) com.sun:tools:jar:1.8.0


[INFO] Adding ignore: module-info
[INFO] 
[INFO] --- maven-enforcer-plugin:3.1.0:enforce (no-snapshots-in-release) @ nested-data-reporting ---
[INFO] 
[INFO] --- maven-hpi-plugin:3.34:initialize (default-initialize) @ nested-data-reporting ---
[INFO] 
[INFO] --- gmavenplus-plugin:1.13.1:addTestSources (test-in-groovy) @ nested-data-reporting ---
[INFO] 
[INFO] --- localizer-maven-plugin:1.31:generate (default) @ nested-data-reporting ---
[INFO] 
[INFO] --- maven-resources-plugin:3.3.0:resources (default-resources) @ nested-data-reporting ---
[INFO] Copying 19 resources
[INFO] 
[INFO] --- flatten-maven-plugin:1.3.0:flatten (flatten) @ nested-data-reporting ---
[INFO] Generating flattened POM of project io.jenkins.plugins:nested-data-reporting:hpi:4.2.1-rc360.0608e226d0de...
[INFO] 
[INFO] --- maven-compiler-plugin:3.10.1:compile (default-compile) @ nested-data-reporting ---
[INFO] Changes detected - recompiling the module!
[INFO] Compiling 35 source files to C:\Jenkins\workspace\g-plugin_interactive-item-charts\target\classes
[INFO] /C:/Jenkins/workspace/g-plugin_interactive-item-charts/src/main/java/io/jenkins/plugins/reporter/steps/ReportRecorder.java: C:\Jenkins\workspace\g-plugin_interactive-item-charts\src\main\java\io\jenkins\plugins\reporter\steps\ReportRecorder.java uses unchecked or unsafe operations.
[INFO] /C:/Jenkins/workspace/g-plugin_interactive-item-charts/src/main/java/io/jenkins/plugins/reporter/steps/ReportRecorder.java: Recompile with -Xlint:unchecked for details.
[INFO] 
[INFO] --- access-modifier-checker:1.27:enforce (default-enforce) @ nested-data-reporting ---
[INFO] 
[INFO] --- maven-hpi-plugin:3.34:insert-test (default-insert-test) @ nested-data-reporting ---
[INFO] 
[INFO] --- gmavenplus-plugin:1.13.1:generateTestStubs (test-in-groovy) @ nested-data-reporting ---
[INFO] No sources specified for stub generation. Skipping.
[INFO] Generated 0 stubs.
[INFO] 
[INFO] --- maven-antrun-plugin:3.1.0:run (createTempDir) @ nested-data-reporting ---
[INFO] Executing tasks
[INFO]     [mkdir] Created dir: C:\Jenkins\workspace\g-plugin_interactive-item-charts\target\tmp
[INFO] Executed tasks
[INFO] 
[INFO] --- maven-resources-plugin:3.3.0:testResources (default-testResources) @ nested-data-reporting ---
[INFO] skip non existing resourceDirectory C:\Jenkins\workspace\g-plugin_interactive-item-charts\src\test\resources
[INFO] 
[INFO] --- maven-compiler-plugin:3.10.1:testCompile (default-testCompile) @ nested-data-reporting ---
[INFO] Changes detected - recompiling the module!
[INFO] Compiling 1 source file to C:\Jenkins\workspace\g-plugin_interactive-item-charts\target\test-classes
[INFO] 
[INFO] --- maven-hpi-plugin:3.34:test-hpl (default-test-hpl) @ nested-data-reporting ---
[INFO] Generating C:\Jenkins\workspace\g-plugin_interactive-item-charts\target\test-classes\the.hpl
[WARNING] Error resolving project artifact: com.sun:tools:pom:1.8.0 was not found in https://repo.jenkins-ci.org/public/ during a previous attempt. This failure was cached in the local repository and resolution is not reattempted until the update interval of repo.jenkins-ci.org has elapsed or updates are forced for project com.sun:tools:jar:1.8.0
[INFO] 
[INFO] --- maven-hpi-plugin:3.34:resolve-test-dependencies (default-resolve-test-dependencies) @ nested-data-reporting ---
[WARNING] Error resolving project artifact: com.sun:tools:pom:1.8.0 was not found in https://repo.jenkins-ci.org/public/ during a previous attempt. This failure was cached in the local repository and resolution is not reattempted until the update interval of repo.jenkins-ci.org has elapsed or updates are forced for project com.sun:tools:jar:1.8.0
[WARNING] The POM for org.jenkins-ci.tools:maven-hpi-plugin:jar:3.34 is missing, no dependency information available
[WARNING] Failed to build parent project for io.jenkins.plugins:nested-data-reporting:hpi:4.2.1-rc360.0608e226d0de
[INFO] 
[INFO] --- gmavenplus-plugin:1.13.1:compileTests (test-in-groovy) @ nested-data-reporting ---
[INFO] No sources specified for compilation. Skipping.
[INFO] 
[INFO] --- maven-hpi-plugin:3.34:test-runtime (default-test-runtime) @ nested-data-reporting ---
[INFO] Setting jenkins.insaneHook to -Xbootclasspath/p:C:\Users\jenkins\AppData\Local\Temp\org-netbeans-insane-hook2543683544628388711.jar
[INFO] 
[INFO] --- maven-surefire-plugin:3.0.0-M7:test (default-test) @ nested-data-reporting ---
[INFO] Surefire report directory: C:\Jenkins\workspace\g-plugin_interactive-item-charts\target\surefire-reports
[INFO] Using auto detected provider org.apache.maven.surefire.junitplatform.JUnitPlatformProvider
[INFO] 
[INFO] -------------------------------------------------------
[INFO]  T E S T S
[INFO] -------------------------------------------------------
Running tests for io.jenkins.plugins:nested-data-reporting:4.2.1-rc360.0608e226d0de
Sep 16, 2022 9:20:17 AM org.eclipse.jetty.util.log.Log initialized
INFO: Logging initialized @123869ms to org.eclipse.jetty.util.log.Slf4jLog
[INFO] 
[INFO] --------------< io.jenkins.plugins:nested-data-reporting >--------------
[INFO] Building Nested Data Reporting 4.2.1-rc360.0608e226d0de
[INFO] --------------------------------[ hpi ]---------------------------------
[INFO] 
[INFO] --- maven-help-plugin:3.3.0:evaluate (default-cli) @ nested-data-reporting ---
[INFO] Running InjectedTest
[INFO] No artifact parameter specified, using 'io.jenkins.plugins:nested-data-reporting:hpi:4.2.1-rc360.0608e226d0de' as project.
[INFO] Result of evaluation written to: /home/jenkins/workspace/g-plugin_interactive-item-charts@tmp/changelist
[INFO] 
[INFO] --------------< io.jenkins.plugins:nested-data-reporting >--------------
[INFO] Building Nested Data Reporting 4.2.1-rc360.0608e226d0de
[INFO] --------------------------------[ hpi ]---------------------------------
[INFO] Tests run: 18, Failures: 0, Errors: 0, Skipped: 0, Time elapsed: 27.628 s - in InjectedTest
[INFO] 
[INFO] Results:
[INFO] 
[INFO] Tests run: 18, Failures: 0, Errors: 0, Skipped: 0
[INFO] 
[INFO] 
[INFO] --- animal-sniffer-maven-plugin:1.22:check (check) @ nested-data-reporting ---
[INFO] Resolved signature org.codehaus.mojo.signature:java18 version as 1.0 from dependencyManagement
[INFO] Checking unresolved references to org.codehaus.mojo.signature:java18:1.0
[INFO] 
[INFO] --- maven-license-plugin:1.10:process (default) @ nested-data-reporting ---
[INFO] Generated C:\Jenkins\workspace\g-plugin_interactive-item-charts\target\nested-data-reporting\WEB-INF\licenses.xml
[INFO] 
[INFO] --- maven-hpi-plugin:3.34:hpi (default-hpi) @ nested-data-reporting ---
[INFO] Generating C:\Jenkins\workspace\g-plugin_interactive-item-charts\target\nested-data-reporting\META-INF\MANIFEST.MF
[INFO] Checking for attached .jar artifact ...
[INFO] Generating jar C:\Jenkins\workspace\g-plugin_interactive-item-charts\target\nested-data-reporting.jar
[INFO] Building jar: C:\Jenkins\workspace\g-plugin_interactive-item-charts\target\nested-data-reporting.jar
[INFO] Exploding webapp...
[INFO] Copy webapp webResources to C:\Jenkins\workspace\g-plugin_interactive-item-charts\target\nested-data-reporting
[INFO] Assembling webapp nested-data-reporting in C:\Jenkins\workspace\g-plugin_interactive-item-charts\target\nested-data-reporting
[WARNING] Bundling transitive dependency handy-uri-templates-2.1.8.jar (via everit-json-schema)
[WARNING] Bundling transitive dependency jackson-annotations-2.13.4.jar (via jackson-dataformat-csv)
[WARNING] Bundling transitive dependency jackson-core-2.13.4.jar (via jackson-dataformat-csv)
[WARNING] Bundling transitive dependency jackson-databind-2.13.4.jar (via jackson-dataformat-csv)
[INFO] Bundling direct dependency jackson-dataformat-csv-2.13.4.jar
[INFO] Bundling direct dependency everit-json-schema-1.14.1.jar
[WARNING] Bundling transitive dependency re2j-1.6.jar (via everit-json-schema)
[WARNING] Bundling transitive dependency commons-digester-2.1.jar (via everit-json-schema)
[WARNING] Bundling transitive dependency commons-validator-1.7.jar (via everit-json-schema)
[WARNING] Bundling transitive dependency joda-time-2.10.2.jar (via everit-json-schema)
[WARNING] Bundling transitive dependency json-20220320.jar (via everit-json-schema)
[INFO] Generating hpi C:\Jenkins\workspace\g-plugin_interactive-item-charts\target\nested-data-reporting.hpi
[INFO] Building jar: C:\Jenkins\workspace\g-plugin_interactive-item-charts\target\nested-data-reporting.hpi
[INFO] 
[INFO] --- maven-jar-plugin:3.2.2:test-jar (maybe-test-jar) @ nested-data-reporting ---
[INFO] Skipping packaging of the test-jar
[INFO] 
[INFO] --- maven-source-plugin:3.2.1:jar-no-fork (attach-sources) @ nested-data-reporting ---
[INFO] Building jar: C:\Jenkins\workspace\g-plugin_interactive-item-charts\target\nested-data-reporting-sources.jar
[INFO] 
[INFO] --- maven-source-plugin:3.2.1:test-jar-no-fork (attach-test-sources) @ nested-data-reporting ---
[INFO] Skipping source per configuration.
[INFO] 
[INFO] --- maven-javadoc-plugin:3.4.1:jar (attach-javadocs) @ nested-data-reporting ---
[INFO] No previous run data found, generating javadoc.
[INFO] Building jar: C:\Jenkins\workspace\g-plugin_interactive-item-charts\target\nested-data-reporting-javadoc.jar
[INFO] 
[INFO] >>> spotbugs-maven-plugin:4.2.3:check (spotbugs) > :spotbugs @ nested-data-reporting >>>
[INFO] 
[INFO] --- spotbugs-maven-plugin:4.2.3:spotbugs (spotbugs) @ nested-data-reporting ---
[INFO] Fork Value is true
[INFO] 
[INFO] --- maven-clean-plugin:3.2.0:clean (default-clean) @ nested-data-reporting ---
[INFO] 
[INFO] --- maven-hpi-plugin:3.34:validate (default-validate) @ nested-data-reporting ---
[INFO] 
[INFO] --- maven-hpi-plugin:3.34:validate-hpi (default-validate-hpi) @ nested-data-reporting ---
[WARNING] Error resolving project artifact: Could not find artifact com.sun:tools:pom:1.8.0 in repo.jenkins-ci.org (https://repo.jenkins-ci.org/public/) for project com.sun:tools:jar:1.8.0
[INFO] 
[INFO] --- maven-enforcer-plugin:3.1.0:display-info (display-info) @ nested-data-reporting ---
[INFO] Maven Version: 3.8.6
[INFO] JDK Version: 1.8.0_345 normalized as: 1.8.0-345
[INFO] Java Vendor: Temurin
[INFO] OS Info: Arch: amd64 Family: unix Name: linux Version: 5.10.0-0.bpo.15-amd64
[INFO] 
[INFO] --- maven-enforcer-plugin:3.1.0:enforce (display-info) @ nested-data-reporting ---
[WARNING] Missing:
----------
1) com.sun:tools:jar:1.8.0

  Try downloading the file manually from the project website.

  Then, install it using the command: 
      mvn install:install-file -DgroupId=com.sun -DartifactId=tools -Dversion=1.8.0 -Dpackaging=jar -Dfile=/path/to/file

  Alternatively, if you host your own repository you can deploy the file there: 
      mvn deploy:deploy-file -DgroupId=com.sun -DartifactId=tools -Dversion=1.8.0 -Dpackaging=jar -Dfile=/path/to/file -Durl=[url] -DrepositoryId=[id]

  Path to dependency: 
  	1) com.sun:tools:jar:1.8.0

----------
1 required artifact is missing.

for artifact: 
  com.sun:tools:jar:1.8.0

from the specified remote repositories:
  repo.jenkins-ci.org (https://repo.jenkins-ci.org/public/, releases=true, snapshots=true),
  incrementals (https://repo.jenkins-ci.org/incrementals/, releases=true, snapshots=false),
  central (https://repo.maven.apache.org/maven2, releases=true, snapshots=false)
Path to dependency: 
	1) com.sun:tools:jar:1.8.0


[INFO] Adding ignore: module-info
[INFO] Done SpotBugs Analysis....
[INFO] 
[INFO] <<< spotbugs-maven-plugin:4.2.3:check (spotbugs) < :spotbugs @ nested-data-reporting <<<
[INFO] 
[INFO] 
[INFO] --- spotbugs-maven-plugin:4.2.3:check (spotbugs) @ nested-data-reporting ---
[INFO] BugInstance size is 0
[INFO] Error size is 0
[INFO] No errors/warnings found
[INFO] 
[INFO] --- maven-install-plugin:3.0.1:install (default-install) @ nested-data-reporting ---
[INFO] Installing C:\Jenkins\workspace\g-plugin_interactive-item-charts\target\nested-data-reporting-4.2.1-rc360.0608e226d0de.pom to C:\Jenkins\workspace\g-plugin_interactive-item-charts@tmp\m2repo\io\jenkins\plugins\nested-data-reporting\4.2.1-rc360.0608e226d0de\nested-data-reporting-4.2.1-rc360.0608e226d0de.pom
[INFO] Installing C:\Jenkins\workspace\g-plugin_interactive-item-charts\target\nested-data-reporting.hpi to C:\Jenkins\workspace\g-plugin_interactive-item-charts@tmp\m2repo\io\jenkins\plugins\nested-data-reporting\4.2.1-rc360.0608e226d0de\nested-data-reporting-4.2.1-rc360.0608e226d0de.hpi
[INFO] Installing C:\Jenkins\workspace\g-plugin_interactive-item-charts\target\nested-data-reporting.jar to C:\Jenkins\workspace\g-plugin_interactive-item-charts@tmp\m2repo\io\jenkins\plugins\nested-data-reporting\4.2.1-rc360.0608e226d0de\nested-data-reporting-4.2.1-rc360.0608e226d0de.jar
[INFO] Installing C:\Jenkins\workspace\g-plugin_interactive-item-charts\target\nested-data-reporting-sources.jar to C:\Jenkins\workspace\g-plugin_interactive-item-charts@tmp\m2repo\io\jenkins\plugins\nested-data-reporting\4.2.1-rc360.0608e226d0de\nested-data-reporting-4.2.1-rc360.0608e226d0de-sources.jar
[INFO] Installing C:\Jenkins\workspace\g-plugin_interactive-item-charts\target\nested-data-reporting-javadoc.jar to C:\Jenkins\workspace\g-plugin_interactive-item-charts@tmp\m2repo\io\jenkins\plugins\nested-data-reporting\4.2.1-rc360.0608e226d0de\nested-data-reporting-4.2.1-rc360.0608e226d0de-javadoc.jar
[INFO] ------------------------------------------------------------------------
[INFO] BUILD SUCCESS
[INFO] ------------------------------------------------------------------------
[INFO] Total time:  03:25 min
[INFO] Finished at: 2022-09-16T09:21:49Z
[INFO] ------------------------------------------------------------------------
[Pipeline] }
[Pipeline] // withEnv
[Pipeline] junit
Recording test results
[GitHub Checks] GitHub check (name: Tests / windows-8 / Build (windows-8), status: completed) has been published.
[Pipeline] }
[Pipeline] // stage
[Pipeline] stage
[Pipeline] { (Archive (windows-8))
[Pipeline] echo
Skipping static analysis results for windows-8
[Pipeline] }
[Pipeline] // stage
[Pipeline] }
[Pipeline] // timeout
[Pipeline] }
[Pipeline] // node
[Pipeline] }
[Pipeline] // retry
[Pipeline] }
[INFO] 
[INFO] --- maven-enforcer-plugin:3.1.0:enforce (no-snapshots-in-release) @ nested-data-reporting ---
[INFO] 
[INFO] --- maven-hpi-plugin:3.34:initialize (default-initialize) @ nested-data-reporting ---
[INFO] 
[INFO] --- gmavenplus-plugin:1.13.1:addTestSources (test-in-groovy) @ nested-data-reporting ---
[INFO] 
[INFO] --- jacoco-maven-plugin:0.8.8:prepare-agent (default) @ nested-data-reporting ---
[INFO] argLine set to -javaagent:/home/jenkins/workspace/g-plugin_interactive-item-charts@tmp/m2repo/org/jacoco/org.jacoco.agent/0.8.8/org.jacoco.agent-0.8.8-runtime.jar=destfile=/home/jenkins/workspace/g-plugin_interactive-item-charts/target/jacoco.exec,excludes=**/Messages.class:com/gargoylesoftware/** -Xms768M -Xmx768M -XX:+HeapDumpOnOutOfMemoryError -XX:+TieredCompilation -XX:TieredStopAtLevel=1 @{jenkins.addOpens} @{jenkins.insaneHook}
[INFO] 
[INFO] --- localizer-maven-plugin:1.31:generate (default) @ nested-data-reporting ---
[INFO] 
[INFO] --- maven-resources-plugin:3.3.0:resources (default-resources) @ nested-data-reporting ---
[INFO] Copying 19 resources
[INFO] 
[INFO] --- flatten-maven-plugin:1.3.0:flatten (flatten) @ nested-data-reporting ---
[INFO] Generating flattened POM of project io.jenkins.plugins:nested-data-reporting:hpi:4.2.1-rc360.0608e226d0de...
[INFO] 
[INFO] --- maven-compiler-plugin:3.10.1:compile (default-compile) @ nested-data-reporting ---
[INFO] Changes detected - recompiling the module!
[INFO] Compiling 35 source files to /home/jenkins/workspace/g-plugin_interactive-item-charts/target/classes
[INFO] /home/jenkins/workspace/g-plugin_interactive-item-charts/src/main/java/io/jenkins/plugins/reporter/steps/ReportRecorder.java: /home/jenkins/workspace/g-plugin_interactive-item-charts/src/main/java/io/jenkins/plugins/reporter/steps/ReportRecorder.java uses unchecked or unsafe operations.
[INFO] /home/jenkins/workspace/g-plugin_interactive-item-charts/src/main/java/io/jenkins/plugins/reporter/steps/ReportRecorder.java: Recompile with -Xlint:unchecked for details.
[INFO] 
[INFO] --- access-modifier-checker:1.27:enforce (default-enforce) @ nested-data-reporting ---
[INFO] 
[INFO] --- maven-hpi-plugin:3.34:insert-test (default-insert-test) @ nested-data-reporting ---
[INFO] 
[INFO] --- gmavenplus-plugin:1.13.1:generateTestStubs (test-in-groovy) @ nested-data-reporting ---
[INFO] No sources specified for stub generation. Skipping.
[INFO] Generated 0 stubs.
[INFO] 
[INFO] --- maven-antrun-plugin:3.1.0:run (createTempDir) @ nested-data-reporting ---
[INFO] Executing tasks
[INFO]     [mkdir] Created dir: /home/jenkins/workspace/g-plugin_interactive-item-charts/target/tmp
[INFO] Executed tasks
[INFO] 
[INFO] --- maven-resources-plugin:3.3.0:testResources (default-testResources) @ nested-data-reporting ---
[INFO] skip non existing resourceDirectory /home/jenkins/workspace/g-plugin_interactive-item-charts/src/test/resources
[INFO] 
[INFO] --- maven-compiler-plugin:3.10.1:testCompile (default-testCompile) @ nested-data-reporting ---
[INFO] Changes detected - recompiling the module!
[INFO] Compiling 1 source file to /home/jenkins/workspace/g-plugin_interactive-item-charts/target/test-classes
[INFO] 
[INFO] --- maven-hpi-plugin:3.34:test-hpl (default-test-hpl) @ nested-data-reporting ---
[INFO] Generating /home/jenkins/workspace/g-plugin_interactive-item-charts/target/test-classes/the.hpl
[WARNING] Error resolving project artifact: com.sun:tools:pom:1.8.0 was not found in https://repo.jenkins-ci.org/public/ during a previous attempt. This failure was cached in the local repository and resolution is not reattempted until the update interval of repo.jenkins-ci.org has elapsed or updates are forced for project com.sun:tools:jar:1.8.0
[INFO] 
[INFO] --- maven-hpi-plugin:3.34:resolve-test-dependencies (default-resolve-test-dependencies) @ nested-data-reporting ---
[WARNING] Error resolving project artifact: com.sun:tools:pom:1.8.0 was not found in https://repo.jenkins-ci.org/public/ during a previous attempt. This failure was cached in the local repository and resolution is not reattempted until the update interval of repo.jenkins-ci.org has elapsed or updates are forced for project com.sun:tools:jar:1.8.0
[INFO] 
[INFO] --- gmavenplus-plugin:1.13.1:compileTests (test-in-groovy) @ nested-data-reporting ---
[INFO] No sources specified for compilation. Skipping.
[INFO] 
[INFO] --- maven-hpi-plugin:3.34:test-runtime (default-test-runtime) @ nested-data-reporting ---
[INFO] Setting jenkins.insaneHook to -Xbootclasspath/p:/tmp/org-netbeans-insane-hook1038971175975592914.jar
[INFO] 
[INFO] --- maven-surefire-plugin:3.0.0-M7:test (default-test) @ nested-data-reporting ---
[INFO] Surefire report directory: /home/jenkins/workspace/g-plugin_interactive-item-charts/target/surefire-reports
[INFO] Using auto detected provider org.apache.maven.surefire.junitplatform.JUnitPlatformProvider
[INFO] 
[INFO] -------------------------------------------------------
[INFO]  T E S T S
[INFO] -------------------------------------------------------
Running tests for io.jenkins.plugins:nested-data-reporting:4.2.1-rc360.0608e226d0de
Sep 16, 2022 9:22:48 AM org.eclipse.jetty.util.log.Log initialized
INFO: Logging initialized @300944ms to org.eclipse.jetty.util.log.Slf4jLog
[INFO] Running InjectedTest
[INFO] Tests run: 18, Failures: 0, Errors: 0, Skipped: 0, Time elapsed: 10.371 s - in InjectedTest
[INFO] 
[INFO] Results:
[INFO] 
[INFO] Tests run: 18, Failures: 0, Errors: 0, Skipped: 0
[INFO] 
[INFO] 
[INFO] --- animal-sniffer-maven-plugin:1.22:check (check) @ nested-data-reporting ---
[INFO] Resolved signature org.codehaus.mojo.signature:java18 version as 1.0 from dependencyManagement
[INFO] Checking unresolved references to org.codehaus.mojo.signature:java18:1.0
[INFO] 
[INFO] --- maven-license-plugin:1.10:process (default) @ nested-data-reporting ---
[INFO] Generated /home/jenkins/workspace/g-plugin_interactive-item-charts/target/nested-data-reporting/WEB-INF/licenses.xml
[INFO] 
[INFO] --- maven-hpi-plugin:3.34:hpi (default-hpi) @ nested-data-reporting ---
[INFO] Generating /home/jenkins/workspace/g-plugin_interactive-item-charts/target/nested-data-reporting/META-INF/MANIFEST.MF
[INFO] Checking for attached .jar artifact ...
[INFO] Generating jar /home/jenkins/workspace/g-plugin_interactive-item-charts/target/nested-data-reporting.jar
[INFO] Building jar: /home/jenkins/workspace/g-plugin_interactive-item-charts/target/nested-data-reporting.jar
[INFO] Exploding webapp...
[INFO] Copy webapp webResources to /home/jenkins/workspace/g-plugin_interactive-item-charts/target/nested-data-reporting
[INFO] Assembling webapp nested-data-reporting in /home/jenkins/workspace/g-plugin_interactive-item-charts/target/nested-data-reporting
[WARNING] Bundling transitive dependency handy-uri-templates-2.1.8.jar (via everit-json-schema)
[WARNING] Bundling transitive dependency jackson-annotations-2.13.4.jar (via jackson-dataformat-csv)
[WARNING] Bundling transitive dependency jackson-core-2.13.4.jar (via jackson-dataformat-csv)
[WARNING] Bundling transitive dependency jackson-databind-2.13.4.jar (via jackson-dataformat-csv)
[INFO] Bundling direct dependency jackson-dataformat-csv-2.13.4.jar
[INFO] Bundling direct dependency everit-json-schema-1.14.1.jar
[WARNING] Bundling transitive dependency re2j-1.6.jar (via everit-json-schema)
[WARNING] Bundling transitive dependency commons-digester-2.1.jar (via everit-json-schema)
[WARNING] Bundling transitive dependency commons-validator-1.7.jar (via everit-json-schema)
[WARNING] Bundling transitive dependency joda-time-2.10.2.jar (via everit-json-schema)
[WARNING] Bundling transitive dependency json-20220320.jar (via everit-json-schema)
[INFO] Generating hpi /home/jenkins/workspace/g-plugin_interactive-item-charts/target/nested-data-reporting.hpi
[INFO] Building jar: /home/jenkins/workspace/g-plugin_interactive-item-charts/target/nested-data-reporting.hpi
[INFO] 
[INFO] --- maven-jar-plugin:3.2.2:test-jar (maybe-test-jar) @ nested-data-reporting ---
[INFO] Skipping packaging of the test-jar
[INFO] 
[INFO] --- maven-source-plugin:3.2.1:jar-no-fork (attach-sources) @ nested-data-reporting ---
[INFO] Building jar: /home/jenkins/workspace/g-plugin_interactive-item-charts/target/nested-data-reporting-sources.jar
[INFO] 
[INFO] --- maven-source-plugin:3.2.1:test-jar-no-fork (attach-test-sources) @ nested-data-reporting ---
[INFO] Skipping source per configuration.
[INFO] 
[INFO] --- maven-javadoc-plugin:3.4.1:jar (attach-javadocs) @ nested-data-reporting ---
[INFO] No previous run data found, generating javadoc.
[INFO] Building jar: /home/jenkins/workspace/g-plugin_interactive-item-charts/target/nested-data-reporting-javadoc.jar
[INFO] 
[INFO] >>> spotbugs-maven-plugin:4.2.3:check (spotbugs) > :spotbugs @ nested-data-reporting >>>
[INFO] 
[INFO] --- spotbugs-maven-plugin:4.2.3:spotbugs (spotbugs) @ nested-data-reporting ---
[INFO] Fork Value is true
[INFO] Done SpotBugs Analysis....
[INFO] 
[INFO] <<< spotbugs-maven-plugin:4.2.3:check (spotbugs) < :spotbugs @ nested-data-reporting <<<
[INFO] 
[INFO] 
[INFO] --- spotbugs-maven-plugin:4.2.3:check (spotbugs) @ nested-data-reporting ---
[INFO] BugInstance size is 0
[INFO] Error size is 0
[INFO] No errors/warnings found
[INFO] 
[INFO] --- jacoco-maven-plugin:0.8.8:report (report) @ nested-data-reporting ---
[INFO] Loading execution data file /home/jenkins/workspace/g-plugin_interactive-item-charts/target/jacoco.exec
[INFO] Analyzed bundle 'Nested Data Reporting' with 46 classes
[INFO] 
[INFO] --- maven-install-plugin:3.0.1:install (default-install) @ nested-data-reporting ---
[INFO] Installing /home/jenkins/workspace/g-plugin_interactive-item-charts/target/nested-data-reporting-4.2.1-rc360.0608e226d0de.pom to /home/jenkins/workspace/g-plugin_interactive-item-charts@tmp/m2repo/io/jenkins/plugins/nested-data-reporting/4.2.1-rc360.0608e226d0de/nested-data-reporting-4.2.1-rc360.0608e226d0de.pom
[INFO] Installing /home/jenkins/workspace/g-plugin_interactive-item-charts/target/nested-data-reporting.hpi to /home/jenkins/workspace/g-plugin_interactive-item-charts@tmp/m2repo/io/jenkins/plugins/nested-data-reporting/4.2.1-rc360.0608e226d0de/nested-data-reporting-4.2.1-rc360.0608e226d0de.hpi
[INFO] Installing /home/jenkins/workspace/g-plugin_interactive-item-charts/target/nested-data-reporting.jar to /home/jenkins/workspace/g-plugin_interactive-item-charts@tmp/m2repo/io/jenkins/plugins/nested-data-reporting/4.2.1-rc360.0608e226d0de/nested-data-reporting-4.2.1-rc360.0608e226d0de.jar
[INFO] Installing /home/jenkins/workspace/g-plugin_interactive-item-charts/target/nested-data-reporting-sources.jar to /home/jenkins/workspace/g-plugin_interactive-item-charts@tmp/m2repo/io/jenkins/plugins/nested-data-reporting/4.2.1-rc360.0608e226d0de/nested-data-reporting-4.2.1-rc360.0608e226d0de-sources.jar
[INFO] Installing /home/jenkins/workspace/g-plugin_interactive-item-charts/target/nested-data-reporting-javadoc.jar to /home/jenkins/workspace/g-plugin_interactive-item-charts@tmp/m2repo/io/jenkins/plugins/nested-data-reporting/4.2.1-rc360.0608e226d0de/nested-data-reporting-4.2.1-rc360.0608e226d0de-javadoc.jar
[INFO] ------------------------------------------------------------------------
[INFO] BUILD SUCCESS
[INFO] ------------------------------------------------------------------------
[INFO] Total time:  06:11 min
[INFO] Finished at: 2022-09-16T09:24:01Z
[INFO] ------------------------------------------------------------------------
[Pipeline] }
[Pipeline] // withEnv
[Pipeline] junit
Recording test results
[GitHub Checks] GitHub check (name: Tests / linux-8 / Build (linux-8), status: completed) has been published.
[Pipeline] discoverGitReferenceBuild
[ReferenceFinder] Found a `MultiBranchProject`, trying to resolve the target branch from the configuration
[ReferenceFinder] -> no target branch configured in step
[ReferenceFinder] -> using configured primary branch 'master' of SCM as target branch
[ReferenceFinder] -> detected 200 commits in current branch (last one: '0608e22')
[ReferenceFinder] -> adding 13 commits from build '#61' of reference job (last one: '24cf90e')
[ReferenceFinder] -> found a matching commit in current branch and target branch: '24cf90e'
[ReferenceFinder] -> found build '#61' in reference job with matching commits
[ReferenceFinder] Found reference build '#61' for target branch
[Pipeline] publishCoverage
Publishing Coverage report....
A total of 1 reports were found
Report coverage diff: 0.0%. Add to CoverageResult.
Group coverage diff: 0.0%. Add to CoverageResult.
Package coverage diff: -25.0%. Add to CoverageResult.
File coverage diff: -4.411764%. Add to CoverageResult.
Class coverage diff: -2.4898386%. Add to CoverageResult.
Method coverage diff: -0.4108801%. Add to CoverageResult.
Instruction coverage diff: -0.16343129%. Add to CoverageResult.
Line coverage diff: -0.27775884%. Add to CoverageResult.
Conditional coverage diff: 0.0%. Add to CoverageResult.
[Coverage] Computing coverage delta report
[Coverage] Obtaining reference build from reference recorder
[Coverage] -> Found 'Plugins » nested-data-reporting-plugin » master #61'
[Coverage] -> Using reference build 'Plugins/nested-data-reporting-plugin/master #61'
[Coverage] -> Found reference result 'io.jenkins.plugins.coverage.CoverageAction@26a0fce5'
using credential app-ci.jenkins.io
using credential app-ci.jenkins.io
[Coverage] Verify uniqueness of file paths...
[Coverage] Obtaining action of reference build
[Coverage] Obtaining reference build from reference recorder
[Coverage] -> Found 'Plugins » nested-data-reporting-plugin » master #61'
[Coverage] -> Using reference build 'Plugins/nested-data-reporting-plugin/master #61'
[Coverage] -> Found reference result in build '#61'
[Coverage] Calculating the code delta...
[Coverage] -> Git delta calculator successfully created in working tree '/home/jenkins/workspace/g-plugin_interactive-item-charts'
[Coverage] Invoking Git delta calculator for determining the made changes between the commits with the IDs 0608e226d0de11c3fe6454088cc19bae3c72d1c6 and 24cf90eb7be8926eceda8b1160b1a0190aeb6d85
[Coverage] Start scanning for differences between commits...
[Coverage] 18 files contain changes
[Coverage] Creating the Git diff file
[Coverage] Verify uniqueness of reference file paths...
[Coverage] Preprocessing code changes...
[Coverage] Successfully mapped SCM paths to coverage report paths
[Coverage] Successfully mapped SCM paths to coverage report paths
[Coverage] Obtaining code changes for files...
[Coverage] Obtaining indirect coverage changes...
[Coverage] Obtaining coverage delta for files...
[Coverage] Calculating coverage deltas...
[Coverage] Executing source code painting...
[Coverage] Finished coverage processing - adding the action to the build...
[GitHub Checks] GitHub check (name: Code Coverage, status: completed) has been published.
[Pipeline] }
[Pipeline] // stage
[Pipeline] stage
[Pipeline] { (Archive (linux-8))
[Pipeline] echo
Recording static analysis results on 'linux-8'
[Pipeline] recordIssues
[Maven] Sleeping for 5 seconds due to JENKINS-32191...
[Maven] Parsing console log (workspace: '/home/jenkins/workspace/g-plugin_interactive-item-charts')
[Maven] -> found 14 issues (skipped 0 duplicates)
[Maven] Parsing console log (workspace: '/home/jenkins/workspace/g-plugin_interactive-item-charts')
[Maven] -> found 14 issues (skipped 0 duplicates)
[Maven] Successfully parsed console log
[Maven] -> found 14 issues (skipped 0 duplicates)
[Maven] Parsing console log (workspace: '/home/jenkins/workspace/g-plugin_interactive-item-charts')
[Maven] Skipping post processing
[Maven] No filter has been set, publishing all 14 issues
[Maven] Repository miner is not configured, skipping repository mining
[Maven] Obtaining reference build from reference recorder
[Maven] -> Found 'Plugins » nested-data-reporting-plugin » master #61'
[Maven] Using reference build 'Plugins/nested-data-reporting-plugin/master #61' to compute new, fixed, and outstanding issues
[Maven] Issues delta (vs. reference build): outstanding: 7, new: 7, fixed: 0
[Maven] No quality gates have been set - skipping
[Maven] Health report is disabled - skipping
[Maven] Created analysis result for 14 issues (found 7 new issues, fixed 0 issues)
[Maven] Attaching ResultAction with ID 'maven-warnings' to build 'Plugins/nested-data-reporting-plugin/interactive-item-charts #1'.
[GitHub Checks] GitHub check (name: Maven, status: completed) has been published.
[Pipeline] recordIssues
[Java Compiler] Sleeping for 5 seconds due to JENKINS-32191...
[Java Compiler] Parsing console log (workspace: '/home/jenkins/workspace/g-plugin_interactive-item-charts')
[Java Compiler] Successfully parsed console log
[Java Compiler] -> found 0 issues (skipped 0 duplicates)
[Java Compiler] Skipping post processing
[Java Compiler] Applying 1 filters on the set of 0 issues (0 issues have been removed, 0 issues will be published)
[Java Compiler] Repository miner is not configured, skipping repository mining
[Java Compiler] Obtaining reference build from reference recorder
[Java Compiler] -> Found 'Plugins » nested-data-reporting-plugin » master #61'
[Java Compiler] Using reference build 'Plugins/nested-data-reporting-plugin/master #61' to compute new, fixed, and outstanding issues
[Java Compiler] Issues delta (vs. reference build): outstanding: 0, new: 0, fixed: 0
[Java Compiler] No quality gates have been set - skipping
[Java Compiler] Health report is disabled - skipping
[Java Compiler] Created analysis result for 0 issues (found 0 new issues, fixed 0 issues)
[Java Compiler] Attaching ResultAction with ID 'java' to build 'Plugins/nested-data-reporting-plugin/interactive-item-charts #1'.
[GitHub Checks] GitHub check (name: Java Compiler, status: completed) has been published.
[JavaDoc] Sleeping for 5 seconds due to JENKINS-32191...
[JavaDoc] Parsing console log (workspace: '/home/jenkins/workspace/g-plugin_interactive-item-charts')
[JavaDoc] -> found 0 issues (skipped 0 duplicates)
[JavaDoc] Parsing console log (workspace: '/home/jenkins/workspace/g-plugin_interactive-item-charts')
[JavaDoc] -> found 0 issues (skipped 0 duplicates)
[JavaDoc] Successfully parsed console log
[JavaDoc] -> found 0 issues (skipped 0 duplicates)
[JavaDoc] Parsing console log (workspace: '/home/jenkins/workspace/g-plugin_interactive-item-charts')
[JavaDoc] Skipping post processing
[JavaDoc] Applying 1 filters on the set of 0 issues (0 issues have been removed, 0 issues will be published)
[JavaDoc] Repository miner is not configured, skipping repository mining
[JavaDoc] Obtaining reference build from reference recorder
[JavaDoc] -> Found 'Plugins » nested-data-reporting-plugin » master #61'
[JavaDoc] Using reference build 'Plugins/nested-data-reporting-plugin/master #61' to compute new, fixed, and outstanding issues
[JavaDoc] Issues delta (vs. reference build): outstanding: 0, new: 0, fixed: 0
[JavaDoc] No quality gates have been set - skipping
[JavaDoc] Health report is disabled - skipping
[JavaDoc] Created analysis result for 0 issues (found 0 new issues, fixed 0 issues)
[JavaDoc] Attaching ResultAction with ID 'javadoc-warnings' to build 'Plugins/nested-data-reporting-plugin/interactive-item-charts #1'.
[GitHub Checks] GitHub check (name: JavaDoc, status: completed) has been published.
[Pipeline] recordIssues
[SpotBugs] Searching for all files in '/home/jenkins/workspace/g-plugin_interactive-item-charts' that match the pattern '**/target/spotbugsXml.xml,**/target/findbugsXml.xml'
[SpotBugs] -> found 1 file
[SpotBugs] Successfully parsed file /home/jenkins/workspace/g-plugin_interactive-item-charts/target/spotbugsXml.xml
[SpotBugs] -> found 0 issues (skipped 0 duplicates)
[SpotBugs] Skipping post processing
[SpotBugs] No filter has been set, publishing all 0 issues
[SpotBugs] Repository miner is not configured, skipping repository mining
[SpotBugs] Obtaining reference build from reference recorder
[SpotBugs] -> Found 'Plugins » nested-data-reporting-plugin » master #61'
[SpotBugs] Using reference build 'Plugins/nested-data-reporting-plugin/master #61' to compute new, fixed, and outstanding issues
[SpotBugs] Issues delta (vs. reference build): outstanding: 0, new: 0, fixed: 0
[SpotBugs] Evaluating quality gates
[SpotBugs] -> PASSED - New (any severity): 0 - Quality Gate: 1
[SpotBugs] -> All quality gates have been passed
[SpotBugs] Health report is disabled - skipping
[SpotBugs] Created analysis result for 0 issues (found 0 new issues, fixed 0 issues)
[SpotBugs] Attaching ResultAction with ID 'spotbugs' to build 'Plugins/nested-data-reporting-plugin/interactive-item-charts #1'.
[GitHub Checks] GitHub check (name: SpotBugs, status: completed) has been published.
[Pipeline] recordIssues
[CheckStyle] [-ERROR-] No files found for pattern '**/target/checkstyle-result.xml'. Configuration error?
[CheckStyle] Searching for all files in '/home/jenkins/workspace/g-plugin_interactive-item-charts' that match the pattern '**/target/checkstyle-result.xml'
[CheckStyle] Skipping post processing
[CheckStyle] No filter has been set, publishing all 0 issues
[CheckStyle] Repository miner is not configured, skipping repository mining
[CheckStyle] Obtaining reference build from reference recorder
[CheckStyle] -> Found 'Plugins » nested-data-reporting-plugin » master #61'
[CheckStyle] Using reference build 'Plugins/nested-data-reporting-plugin/master #61' to compute new, fixed, and outstanding issues
[CheckStyle] Issues delta (vs. reference build): outstanding: 0, new: 0, fixed: 0
[CheckStyle] Evaluating quality gates
[CheckStyle] -> PASSED - Total (any severity): 0 - Quality Gate: 1
[CheckStyle] -> All quality gates have been passed
[CheckStyle] Health report is disabled - skipping
[CheckStyle] Created analysis result for 0 issues (found 0 new issues, fixed 0 issues)
[CheckStyle] Attaching ResultAction with ID 'checkstyle' to build 'Plugins/nested-data-reporting-plugin/interactive-item-charts #1'.
[GitHub Checks] GitHub check (name: CheckStyle, status: completed) has been published.
[Pipeline] recordIssues
[PMD] [-ERROR-] No files found for pattern '**/target/pmd.xml'. Configuration error?
[PMD] Searching for all files in '/home/jenkins/workspace/g-plugin_interactive-item-charts' that match the pattern '**/target/pmd.xml'
[PMD] Skipping post processing
[PMD] No filter has been set, publishing all 0 issues
[PMD] Repository miner is not configured, skipping repository mining
[PMD] Obtaining reference build from reference recorder
[PMD] -> Found 'Plugins » nested-data-reporting-plugin » master #61'
[PMD] Using reference build 'Plugins/nested-data-reporting-plugin/master #61' to compute new, fixed, and outstanding issues
[PMD] Issues delta (vs. reference build): outstanding: 0, new: 0, fixed: 0
[PMD] No quality gates have been set - skipping
[PMD] Health report is disabled - skipping
[PMD] Created analysis result for 0 issues (found 0 new issues, fixed 0 issues)
[PMD] Attaching ResultAction with ID 'pmd' to build 'Plugins/nested-data-reporting-plugin/interactive-item-charts #1'.
[GitHub Checks] GitHub check (name: PMD, status: completed) has been published.
[Pipeline] recordIssues
[CPD] [-ERROR-] No files found for pattern '**/target/cpd.xml'. Configuration error?
[CPD] Searching for all files in '/home/jenkins/workspace/g-plugin_interactive-item-charts' that match the pattern '**/target/cpd.xml'
[CPD] Skipping post processing
[CPD] No filter has been set, publishing all 0 issues
[CPD] Repository miner is not configured, skipping repository mining
[CPD] Obtaining reference build from reference recorder
[CPD] -> Found 'Plugins » nested-data-reporting-plugin » master #61'
[CPD] Using reference build 'Plugins/nested-data-reporting-plugin/master #61' to compute new, fixed, and outstanding issues
[CPD] Issues delta (vs. reference build): outstanding: 0, new: 0, fixed: 0
[CPD] No quality gates have been set - skipping
[CPD] Health report is disabled - skipping
[CPD] Created analysis result for 0 issues (found 0 new issues, fixed 0 issues)
[CPD] Attaching ResultAction with ID 'cpd' to build 'Plugins/nested-data-reporting-plugin/interactive-item-charts #1'.
[GitHub Checks] GitHub check (name: CPD, status: completed) has been published.
[Pipeline] recordIssues
[Open Tasks Scanner] Searching for files in workspace '/home/jenkins/workspace/g-plugin_interactive-item-charts' that match the include pattern '**/*.java' and exclude pattern '**/target/**'
[Open Tasks Scanner] -> found 34 files that will be scanned
[Open Tasks Scanner] Using the following tasks patterns:
-> High: ^.*(\bFIXME\b)(.*)$
-> Normal: ^.*(\bTODO\b)(.*)$

[Open Tasks Scanner] Scanning all 34 files for open tasks
[Open Tasks Scanner] Found a total of 1 open tasks
[Open Tasks Scanner] -> TODO: 1 open tasks
[Open Tasks Scanner] Post processing issues on 'jnlp-maven-8-skd19' with source code encoding 'UTF-8'
[Open Tasks Scanner] Skipping SCM blames as requested
[Open Tasks Scanner] Resolving file names for all issues in workspace '/home/jenkins/workspace/g-plugin_interactive-item-charts'
[Open Tasks Scanner] -> resolved paths in source directory (1 found, 0 not found)
[Open Tasks Scanner] Resolving module names from module definitions (build.xml, pom.xml, or Manifest.mf files)
[Open Tasks Scanner] -> resolved module names for 1 issues
[Open Tasks Scanner] Resolving package names (or namespaces) by parsing the affected files
[Open Tasks Scanner] -> resolved package names of 1 affected files
[Open Tasks Scanner] No filter has been set, publishing all 1 issues
[Open Tasks Scanner] Creating fingerprints for all affected code blocks to track issues over different builds
[Open Tasks Scanner] -> created fingerprints for 1 issues (skipped 0 issues)
[Open Tasks Scanner] Copying affected files to Jenkins' build folder '/var/jenkins_home/jobs/Plugins/jobs/nested-data-reporting-plugin/branches/interactive-item-charts/builds/1/files-with-issues'
[Open Tasks Scanner] -> 1 copied, 0 not in workspace, 0 not-found, 0 with I/O error
[Open Tasks Scanner] Repository miner is not configured, skipping repository mining
[Open Tasks Scanner] Obtaining reference build from reference recorder
[Open Tasks Scanner] -> Found 'Plugins » nested-data-reporting-plugin » master #61'
[Open Tasks Scanner] Using reference build 'Plugins/nested-data-reporting-plugin/master #61' to compute new, fixed, and outstanding issues
[Open Tasks Scanner] Issues delta (vs. reference build): outstanding: 1, new: 0, fixed: 0
[Open Tasks Scanner] No quality gates have been set - skipping
[Open Tasks Scanner] Health report is disabled - skipping
[Open Tasks Scanner] Created analysis result for 1 issues (found 0 new issues, fixed 0 issues)
[Open Tasks Scanner] Attaching ResultAction with ID 'open-tasks' to build 'Plugins/nested-data-reporting-plugin/interactive-item-charts #1'.
[GitHub Checks] GitHub check (name: Open Tasks Scanner, status: completed) has been published.
[Pipeline] readFile
[Pipeline] dir
Running in /home/jenkins/workspace/g-plugin_interactive-item-charts@tmp/m2repo
[Pipeline] {
[Pipeline] fingerprint
Recording fingerprints
[Pipeline] archiveArtifacts
Archiving artifacts
[Pipeline] }
[Pipeline] // dir
[Pipeline] }
[Pipeline] // stage
[Pipeline] }
[Pipeline] // timeout
[Pipeline] }
[Pipeline] // node
[Pipeline] }
[Pipeline] // retry
[Pipeline] }
[Pipeline] // parallel
[Pipeline] stage
[Pipeline] { (Deploy)
[Pipeline] withCredentials
Masking supported pattern matches of $FUNCTION_TOKEN
[Pipeline] {
[Pipeline] httpRequest
HttpMethod: POST
URL: https://incrementals.jenkins.io/
Content-Type: application/json
Authorization: *****
Sending request to url: https://incrementals.jenkins.io/
Response Code: HTTP/1.1 400 Bad Request
Response: 
Invalid archive retrieved from Jenkins, perhaps the plugin is not properly incrementalized?
Error: ZIP error: Error: Wrong commit hash in /project/scm/tag, expected 0608e226d0de11c3fe6454088cc19bae3c72d1c6, got nested-data-reporting-3.3.0 from https://ci.jenkins.io/job/Plugins/job/nested-data-reporting-plugin/job/interactive-item-charts/1/artifact/**/*0608e226d0de*/*0608e226d0de*/*zip*/archive.zip
Success: Status code 400 is in the accepted range: 100:599
[Pipeline] }
[Pipeline] // withCredentials
[Pipeline] }
[Pipeline] // stage
[Pipeline] End of Pipeline
[GitHub Checks] GitHub check (name: Jenkins, status: completed) has been published.
Finished: SUCCESS
